#
# There is insufficient memory for the Java Runtime Environment to continue.
# Native memory allocation (mmap) failed to map 266338304 bytes for Failed to commit area from 0x0000000702000000 to 0x0000000711e00000 of length 266338304.
# Possible reasons:
#   The system is out of physical RAM or swap space
#   The process is running with CompressedOops enabled, and the Java Heap may be blocking the growth of the native heap
# Possible solutions:
#   Reduce memory load on the system
#   Increase physical memory or swap space
#   Check if swap backing store is full
#   Decrease Java heap size (-Xmx/-Xms)
#   Decrease number of Java threads
#   Decrease Java thread stack sizes (-Xss)
#   Set larger code cache with -XX:ReservedCodeCacheSize=
# This output file may be truncated or incomplete.
#
#  Out of Memory Error (./src/hotspot/os/windows/os_windows.cpp:3311), pid=21540, tid=22168
#
# JRE version:  (11.0.13+8) (build )
# Java VM: OpenJDK 64-Bit Server VM (11.0.13+8, mixed mode, sharing, tiered, compressed oops, g1 gc, windows-amd64)
# No core dump will be written. Minidumps are not enabled by default on client versions of Windows
#

---------------  S U M M A R Y ------------

Command Line: -Dnet.bytebuddy.agent.attacher.dump= net.bytebuddy.agent.Attacher com.sun.tools.attach.VirtualMachine 22112 C:\Users\Baku\.m2\repository\net\bytebuddy\byte-buddy-agent\1.14.1\byte-buddy-agent-1.14.1.jar false 

Host: AMD Ryzen 7 4800H with Radeon Graphics         , 16 cores, 15G,  Windows 10 , 64 bit Build 22621 (10.0.22621.1485)
Time: Thu Apr  6 16:55:23 2023 Центральная Азия (зима) elapsed time: 0.014973 seconds (0d 0h 0m 0s)

---------------  T H R E A D  ---------------

Current thread (0x0000019af27b0000):  JavaThread "Unknown thread" [_thread_in_vm, id=22168, stack(0x0000009586100000,0x0000009586200000)]

Stack: [0x0000009586100000,0x0000009586200000]
Native frames: (J=compiled Java code, j=interpreted, Vv=VM code, C=native code)
V  [jvm.dll+0x64b92a]
V  [jvm.dll+0x78e4e9]
V  [jvm.dll+0x78fbcc]
V  [jvm.dll+0x790293]
V  [jvm.dll+0x265118]
V  [jvm.dll+0x6489fa]
V  [jvm.dll+0x63cfe5]
V  [jvm.dll+0x32010c]
V  [jvm.dll+0x31ff92]
V  [jvm.dll+0x325896]
V  [jvm.dll+0x3733af]
V  [jvm.dll+0x372dd0]
V  [jvm.dll+0x2fb808]
V  [jvm.dll+0x2fc976]
V  [jvm.dll+0x767b17]
V  [jvm.dll+0x7692df]
V  [jvm.dll+0x380269]
V  [jvm.dll+0x74a04e]
V  [jvm.dll+0x3f2fbd]
V  [jvm.dll+0x3f51e1]
C  [jli.dll+0x51c7]
C  [ucrtbase.dll+0x29363]
C  [KERNEL32.DLL+0x1269d]
C  [ntdll.dll+0x5a9f8]


---------------  P R O C E S S  ---------------

Threads class SMR info:
_java_thread_list=0x0000019af0625300, length=0, elements={
}

Java Threads: ( => current thread )

Other Threads:
  0x0000019af27c8000 GCTaskThread "GC Thread#0" [stack: 0x0000009586200000,0x0000009586300000] [id=21472]
  0x0000019af2828000 ConcurrentGCThread "G1 Main Marker" [stack: 0x0000009586300000,0x0000009586400000] [id=21736]
  0x0000019af282a000 ConcurrentGCThread "G1 Conc#0" [stack: 0x0000009586400000,0x0000009586500000] [id=11788]

[error occurred during error reporting (printing all threads), id 0xc0000005, EXCEPTION_ACCESS_VIOLATION (0xc0000005) at pc=0x00007ffd7ccdaf37]

VM state:not at safepoint (not fully initialized)

VM Mutex/Monitor currently owned by a thread:  ([mutex/lock_event])
[0x0000019af27acea0] Heap_lock - owner thread: 0x0000019af27b0000

Heap address: 0x0000000702000000, size: 4064 MB, Compressed Oops mode: Non-zero based: 0x0000000702000000
Narrow klass base: 0x0000000000000000, Narrow klass shift: 0

GC Heap History (0 events):
No events

Deoptimization events (0 events):
No events

Classes redefined (0 events):
No events

Internal exceptions (0 events):
No events

Events (1 events):
Event: 0.010 Loaded shared library C:\Program Files\OpenJDK\openjdk-11.0.13_8\bin\zip.dll


Dynamic libraries:
0x00007ff7f5460000 - 0x00007ff7f546d000 	C:\Program Files\OpenJDK\openjdk-11.0.13_8\bin\java.exe
0x00007ffdfab70000 - 0x00007ffdfad84000 	C:\WINDOWS\SYSTEM32\ntdll.dll
0x00007ffdd52c0000 - 0x00007ffdd52d9000 	C:\Program Files\Avast Software\Avast\aswhook.dll
0x00007ffdf9590000 - 0x00007ffdf9652000 	C:\WINDOWS\System32\KERNEL32.DLL
0x00007ffdf85e0000 - 0x00007ffdf897c000 	C:\WINDOWS\System32\KERNELBASE.dll
0x00007ffdf8290000 - 0x00007ffdf83a1000 	C:\WINDOWS\System32\ucrtbase.dll
0x00007ffdf3510000 - 0x00007ffdf3528000 	C:\Program Files\OpenJDK\openjdk-11.0.13_8\bin\jli.dll
0x00007ffdf1110000 - 0x00007ffdf1126000 	C:\Program Files\OpenJDK\openjdk-11.0.13_8\bin\VCRUNTIME140.dll
0x00007ffdf8ba0000 - 0x00007ffdf8d4b000 	C:\WINDOWS\System32\USER32.dll
0x00007ffde7250000 - 0x00007ffde74de000 	C:\WINDOWS\WinSxS\amd64_microsoft.windows.common-controls_6595b64144ccf1df_6.0.22621.608_none_a9444ca7c10bb01d\COMCTL32.dll
0x00007ffdf7fb0000 - 0x00007ffdf7fd6000 	C:\WINDOWS\System32\win32u.dll
0x00007ffdf9f00000 - 0x00007ffdf9fa7000 	C:\WINDOWS\System32\msvcrt.dll
0x00007ffdf96e0000 - 0x00007ffdf9709000 	C:\WINDOWS\System32\GDI32.dll
0x00007ffdf83b0000 - 0x00007ffdf84c3000 	C:\WINDOWS\System32\gdi32full.dll
0x00007ffdf84d0000 - 0x00007ffdf856a000 	C:\WINDOWS\System32\msvcp_win.dll
0x00007ffdf8980000 - 0x00007ffdf89b1000 	C:\WINDOWS\System32\IMM32.DLL
0x00007ffde5220000 - 0x00007ffde52ca000 	C:\Program Files\OpenJDK\openjdk-11.0.13_8\bin\msvcp140.dll
0x00007ffd7c9d0000 - 0x00007ffd7d51c000 	C:\Program Files\OpenJDK\openjdk-11.0.13_8\bin\server\jvm.dll
0x00007ffdf8af0000 - 0x00007ffdf8b9e000 	C:\WINDOWS\System32\ADVAPI32.dll
0x00007ffdf91e0000 - 0x00007ffdf9284000 	C:\WINDOWS\System32\sechost.dll
0x00007ffdf9c10000 - 0x00007ffdf9d25000 	C:\WINDOWS\System32\RPCRT4.dll
0x00007ffdf8d50000 - 0x00007ffdf8d58000 	C:\WINDOWS\System32\PSAPI.DLL
0x00007ffdf0910000 - 0x00007ffdf0944000 	C:\WINDOWS\SYSTEM32\WINMM.dll
0x00007ffdef3a0000 - 0x00007ffdef3aa000 	C:\WINDOWS\SYSTEM32\VERSION.dll
0x00007ffdf1db0000 - 0x00007ffdf1db9000 	C:\WINDOWS\SYSTEM32\WSOCK32.dll
0x00007ffdf89c0000 - 0x00007ffdf8a31000 	C:\WINDOWS\System32\WS2_32.dll
0x00007ffdf7100000 - 0x00007ffdf7118000 	C:\WINDOWS\SYSTEM32\kernel.appcore.dll
0x00007ffdf0cc0000 - 0x00007ffdf0cd1000 	C:\Program Files\OpenJDK\openjdk-11.0.13_8\bin\verify.dll
0x00007ffded760000 - 0x00007ffded98e000 	C:\WINDOWS\SYSTEM32\DBGHELP.DLL
0x00007ffdf8e50000 - 0x00007ffdf91d9000 	C:\WINDOWS\System32\combase.dll
0x00007ffdf8d70000 - 0x00007ffdf8e47000 	C:\WINDOWS\System32\OLEAUT32.dll
0x00007ffded530000 - 0x00007ffded562000 	C:\WINDOWS\SYSTEM32\dbgcore.DLL
0x00007ffdf8210000 - 0x00007ffdf828b000 	C:\WINDOWS\System32\bcryptPrimitives.dll
0x00007ffde59f0000 - 0x00007ffde5a19000 	C:\Program Files\OpenJDK\openjdk-11.0.13_8\bin\java.dll
0x00007ffdf2df0000 - 0x00007ffdf2dfa000 	C:\Program Files\OpenJDK\openjdk-11.0.13_8\bin\jimage.dll
0x00007ffde53d0000 - 0x00007ffde53e7000 	C:\Program Files\OpenJDK\openjdk-11.0.13_8\bin\zip.dll

dbghelp: loaded successfully - version: 4.0.5 - missing functions: none
symbol engine: initialized successfully - sym options: 0x614 - pdb path: .;C:\Program Files\OpenJDK\openjdk-11.0.13_8\bin;C:\WINDOWS\SYSTEM32;C:\Program Files\Avast Software\Avast;C:\WINDOWS\WinSxS\amd64_microsoft.windows.common-controls_6595b64144ccf1df_6.0.22621.608_none_a9444ca7c10bb01d;C:\Program Files\OpenJDK\openjdk-11.0.13_8\bin\server

VM Arguments:
jvm_args: -Dnet.bytebuddy.agent.attacher.dump= 
java_command: net.bytebuddy.agent.Attacher com.sun.tools.attach.VirtualMachine 22112 C:\Users\Baku\.m2\repository\net\bytebuddy\byte-buddy-agent\1.14.1\byte-buddy-agent-1.14.1.jar false 
java_class_path (initial): C:\Users\Baku\.m2\repository\net\bytebuddy\byte-buddy-agent\1.14.1\byte-buddy-agent-1.14.1.jar
Launcher Type: SUN_STANDARD

[Global flags]
     intx CICompilerCount                          = 12                                        {product} {ergonomic}
     uint ConcGCThreads                            = 3                                         {product} {ergonomic}
     uint G1ConcRefinementThreads                  = 13                                        {product} {ergonomic}
   size_t G1HeapRegionSize                         = 1048576                                   {product} {ergonomic}
    uintx GCDrainStackTargetSize                   = 64                                        {product} {ergonomic}
   size_t InitialHeapSize                          = 266338304                                 {product} {ergonomic}
   size_t MarkStackSize                            = 4194304                                   {product} {ergonomic}
   size_t MaxHeapSize                              = 4261412864                                {product} {ergonomic}
   size_t MinHeapDeltaBytes                        = 1048576                                   {product} {ergonomic}
    uintx NonNMethodCodeHeapSize                   = 7594288                                {pd product} {ergonomic}
    uintx NonProfiledCodeHeapSize                  = 122031976                              {pd product} {ergonomic}
    uintx ProfiledCodeHeapSize                     = 122031976                              {pd product} {ergonomic}
    uintx ReservedCodeCacheSize                    = 251658240                              {pd product} {ergonomic}
     bool SegmentedCodeCache                       = true                                      {product} {ergonomic}
     bool UseCompressedClassPointers               = true                                 {lp64_product} {ergonomic}
     bool UseCompressedOops                        = true                                 {lp64_product} {ergonomic}
     bool UseG1GC                                  = true                                      {product} {ergonomic}
     bool UseLargePagesIndividualAllocation        = false                                  {pd product} {ergonomic}

Logging:
Log output configuration:
 #0: stdout all=warning uptime,level,tags
 #1: stderr all=off uptime,level,tags

Environment Variables:
JAVA_HOME=C:\Program Files\OpenJDK\openjdk-11.0.13_8
PATH=C:\WINDOWS\system32;C:\WINDOWS;C:\WINDOWS\System32\Wbem;C:\WINDOWS\System32\WindowsPowerShell\v1.0\;C:\WINDOWS\System32\OpenSSH\;C:\ProgramData\chocolatey\bin;C:\Program Files\OpenJDK\openjdk-11.0.13_8\bin;C:\Program Files\PostgreSQL\12\bin;C:\Program Files\Git\cmd;C:\ProgramData\chocolatey\lib\maven\apache-maven-3.8.4\bin;C:\Program Files\nodejs\;C:\Program Files\PuTTY\;C:\ProgramData\chocolatey\lib\elasticsearch\tools\elasticsearch-7.16.2\bin;C:\xampp\php;C:\ProgramData\ComposerSetup\bin;C:\Users\Baku\AppData\Local\Programs\Python\Python310\Scripts\;C:\Users\Baku\AppData\Local\Programs\Python\Python310\;C:\Users\Baku\AppData\Local\Microsoft\WindowsApps;C:\Program Files\JetBrains\IntelliJ IDEA 2021.3\bin;;C:\Program Files\JetBrains\PhpStorm 2021.3\bin;;C:\Users\Baku\AppData\Local\Programs\Microsoft VS Code\bin;C:\Users\Baku\AppData\Roaming\npm;C:\Program Files\nodejs\;C:\Program Files\PostgreSQL\11\bin;C:\Users\Baku\AppData\Roaming\Composer\vendor\bin;;C:\Program Files\liquibase
USERNAME=Baku
OS=Windows_NT
PROCESSOR_IDENTIFIER=AMD64 Family 23 Model 96 Stepping 1, AuthenticAMD



---------------  S Y S T E M  ---------------

OS: Windows 10 , 64 bit Build 22621 (10.0.22621.1485)
OS uptime: 0 days 1:34 hours

CPU:total 16 (initial active 16) (16 cores per cpu, 2 threads per core) family 23 model 96 stepping 1 microcode 0x0, cmov, cx8, fxsr, mmx, sse, sse2, sse3, ssse3, sse4.1, sse4.2, popcnt, avx, avx2, aes, clmul, mmxext, 3dnowpref, lzcnt, sse4a, ht, tsc, tscinvbit, tscinv, bmi1, bmi2, adx, sha, fma

Memory: 4k page, system-wide physical 16253M (4255M free)
TotalPageFile size 18206M (AvailPageFile size 125M)
current process WorkingSet (physical memory assigned to process): 11M, peak: 11M
current process commit charge ("private bytes"): 71M, peak: 325M

vm_info: OpenJDK 64-Bit Server VM (11.0.13+8) for windows-amd64 JRE (11.0.13+8), built on Oct  8 2021 16:28:06 by "" with MS VC++ 15.5 (VS2017)

END.
